[Begin of 250703_135244_PostCondition log file]
2025-07-03 13:52:44,259 [14] DEBUG GherkinExecutor\ExecuteStep:187 - Next test step 'TurnOnClamp15' (location '9:14', keyword 'When ', keyword type 'Action', argument '').
2025-07-03 13:52:44,261 [14] DEBUG GherkinExecutor\GetTestStep:240 - Gherkin keyword is 'When' (type 'Action')
2025-07-03 13:52:44,263 [14] DEBUG GherkinExecutor\ExecuteStep:217 - Got test step: 'TurnOnClamp15'.
2025-07-03 13:52:44,265 [14] DEBUG AdapterXil\IsValueOfSignalEquals:235 - Checking, if the value of the signal 'K_CAN.Klemmen_Status_01.ZAS_Kl_15' equals to 'ein'...
2025-07-03 13:52:44,267 [14] DEBUG AdapterXil\IsValueOfSignalEquals:241 - The adapter is in DevelopMode. This method returns true.
2025-07-03 13:52:44,268 [14] DEBUG ObserverCarBus\WaitForCanSignalValueEqualsExpected:112 - The signal 'K_CAN.Klemmen_Status_01.ZAS_Kl_15' got finally the value 'ein'.
2025-07-03 13:52:44,270 [14] INFO  ConnectorFacade.Macros\SafeSetSignalValue:40 - The signal 'K_CAN.Klemmen_Status_01.ZAS_Kl_15' is already 'ein'.
2025-07-03 13:52:44,271 [14] DEBUG GherkinExecutor\ExecuteStep:221 - Result of test step 'Pass'.
2025-07-03 13:52:44,273 [14] DEBUG GherkinExecutor\ExecuteScenario:172 - Test step result after re-evaluation is 'Pass'.
2025-07-03 13:52:44,275 [14] DEBUG GherkinExecutor\ExecuteStep:187 - Next test step 'CarLeave' (location '9:15', keyword 'And ', keyword type 'Conjunction', argument '').
2025-07-03 13:52:44,277 [14] DEBUG GherkinExecutor\GetTestStep:240 - Gherkin keyword is 'And' (type 'Conjunction')
2025-07-03 13:52:44,278 [14] DEBUG GherkinExecutor\ExecuteStep:217 - Got test step: 'CarLeave'.
2025-07-03 13:52:44,284 [14] DEBUG AdapterXil\SetSignalStringValue:412 - Setting value of signal 'IODriverSeatBeltBuckle' to 'free'...
2025-07-03 13:52:44,539 [14] ERROR AdapterXil.WebApiCalls|MethodException in WaitForTask:31 - Failed with the message 'width=device-width, initial-scale=1'.
2025-07-03 13:52:44,575 [14] DEBUG AdapterXil.WebApiCalls\CheckServerAlive:59 - Checking, if the XIL API server is alive...
2025-07-03 13:52:44,806 [14] ERROR AdapterXil.WebApiCalls|MethodException in WaitForTask:31 - Failed with the message 'width=device-width, initial-scale=1'.
2025-07-03 13:52:44,826 [14] DEBUG AdapterXil.WebApiCalls\CheckServerAlive:67 - Something wrong with the server.
2025-07-03 13:52:44,828 [14] DEBUG AdapterXil\Start:438 - This adapter is not running yet. It will be started now.
2025-07-03 13:52:44,834 [14] DEBUG AdapterXil.WebApi\StartXiLWebApi:44 - The XIL Web API is already running.
2025-07-03 13:52:44,835 [14] INFO  AdapterXil.WebApiCalls\CreateMockedConnection:96 - Connection 'dSPACE' (develop mode active) is being created...
2025-07-03 13:52:45,048 [14] ERROR AdapterXil.WebApiCalls|MethodException in WaitForTask:31 - Failed with the message 'width=device-width, initial-scale=1'.
2025-07-03 13:52:45,064 [14] WARN  KeywordTranslator\ExecuteTestStep:51 - The test action 'CarLeave' is failed.
2025-07-03 13:52:45,066 [14] DEBUG GherkinExecutor\ExecuteStep:221 - Result of test step 'TestRunError'.
2025-07-03 13:52:45,068 [14] DEBUG GherkinExecutor\ExecuteScenario:172 - Test step result after re-evaluation is 'TestRunError'.
2025-07-03 13:52:45,070 [14] DEBUG GherkinExecutor\ExecuteStep:187 - Next test step 'LockCentralLockingSystem' (location '9:16', keyword 'And ', keyword type 'Conjunction', argument '').
2025-07-03 13:52:45,071 [14] DEBUG GherkinExecutor\GetTestStep:240 - Gherkin keyword is 'And' (type 'Conjunction')
2025-07-03 13:52:45,074 [14] DEBUG GherkinExecutor\ExecuteStep:217 - Got test step: 'LockCentralLockingSystem'.
2025-07-03 13:52:45,076 [14] DEBUG ConnectorFacade.CentralLockingSystem\LockCentralLockingSystem:7 - Locking the central lock system...
2025-07-03 13:52:45,078 [14] DEBUG RestBusStimulator\ChangeSwitchState:15 - Changing switch state 'IORemoteControlClose' to 'close'...
2025-07-03 13:52:45,080 [14] DEBUG RestBusStimulator\ChangeSwitchState:19 - Change non resettable switch state of 'IORemoteControlClose' to 'press'/'release'.
2025-07-03 13:52:45,081 [14] DEBUG AdapterXil\SetSignalStringValue:412 - Setting value of signal 'IORemoteControlClose' to 'press'...
2025-07-03 13:52:45,302 [14] ERROR AdapterXil.WebApiCalls|MethodException in WaitForTask:31 - Failed with the message 'width=device-width, initial-scale=1'.
2025-07-03 13:52:45,342 [14] DEBUG AdapterXil.WebApiCalls\CheckServerAlive:59 - Checking, if the XIL API server is alive...
2025-07-03 13:52:45,557 [14] ERROR AdapterXil.WebApiCalls|MethodException in WaitForTask:31 - Failed with the message 'width=device-width, initial-scale=1'.
2025-07-03 13:52:45,572 [14] DEBUG AdapterXil.WebApiCalls\CheckServerAlive:67 - Something wrong with the server.
2025-07-03 13:52:45,574 [14] DEBUG AdapterXil\Start:438 - This adapter is not running yet. It will be started now.
2025-07-03 13:52:45,580 [14] DEBUG AdapterXil.WebApi\StartXiLWebApi:44 - The XIL Web API is already running.
2025-07-03 13:52:45,582 [14] INFO  AdapterXil.WebApiCalls\CreateMockedConnection:96 - Connection 'dSPACE' (develop mode active) is being created...
2025-07-03 13:52:45,787 [14] ERROR AdapterXil.WebApiCalls|MethodException in WaitForTask:31 - Failed with the message 'width=device-width, initial-scale=1'.
2025-07-03 13:52:45,822 [14] WARN  KeywordTranslator\ExecuteTestStep:51 - The test action 'LockCentralLockingSystem' is failed.
2025-07-03 13:52:45,825 [14] DEBUG GherkinExecutor\ExecuteStep:221 - Result of test step 'TestRunError'.
2025-07-03 13:52:45,826 [14] DEBUG GherkinExecutor\ExecuteScenario:172 - Test step result after re-evaluation is 'TestRunError'.
2025-07-03 13:52:45,828 [14] DEBUG GherkinExecutor\ExecuteStep:187 - Next test step 'StopCarBusTrace' (location '9:17', keyword 'And ', keyword type 'Conjunction', argument '').
2025-07-03 13:52:45,829 [14] DEBUG GherkinExecutor\GetTestStep:240 - Gherkin keyword is 'And' (type 'Conjunction')
2025-07-03 13:52:45,831 [14] DEBUG GherkinExecutor\ExecuteStep:217 - Got test step: 'StopCarBusTrace'.
2025-07-03 13:52:45,833 [14] DEBUG AdapterXil\DeactivateSimulation:156 - De-activate simulation.
2025-07-03 13:52:46,044 [14] ERROR AdapterXil.WebApiCalls|MethodException in WaitForTask:31 - Failed with the message 'width=device-width, initial-scale=1'.
2025-07-03 13:52:46,058 [14] DEBUG AdapterXil.WebApiCalls\CheckServerAlive:59 - Checking, if the XIL API server is alive...
2025-07-03 13:52:46,287 [14] ERROR AdapterXil.WebApiCalls|MethodException in WaitForTask:31 - Failed with the message 'width=device-width, initial-scale=1'.
2025-07-03 13:52:46,303 [14] DEBUG AdapterXil.WebApiCalls\CheckServerAlive:67 - Something wrong with the server.
2025-07-03 13:52:46,305 [14] DEBUG AdapterXil\Start:438 - This adapter is not running yet. It will be started now.
2025-07-03 13:52:46,311 [14] DEBUG AdapterXil.WebApi\StartXiLWebApi:44 - The XIL Web API is already running.
2025-07-03 13:52:46,313 [14] INFO  AdapterXil.WebApiCalls\CreateMockedConnection:96 - Connection 'Vector' (develop mode active) is being created...
2025-07-03 13:52:46,541 [14] ERROR AdapterXil.WebApiCalls|MethodException in WaitForTask:31 - Failed with the message 'width=device-width, initial-scale=1'.
2025-07-03 13:52:46,560 [14] WARN  KeywordTranslator\ExecuteTestStep:51 - The test action 'StopCarBusTrace' is failed.
2025-07-03 13:52:46,562 [14] DEBUG GherkinExecutor\ExecuteStep:221 - Result of test step 'TestRunError'.
2025-07-03 13:52:46,564 [14] DEBUG GherkinExecutor\ExecuteScenario:172 - Test step result after re-evaluation is 'TestRunError'.
[End of 250703_135244_PostCondition log file]
