[Begin of WhenEnableBlockOfResponseDidForEcu_250703_135229 log file]
2025-07-03 13:52:29,433 [14] INFO  ConnectorFacade\.ctor:18 - Creating the connectors...
2025-07-03 13:52:29,436 [14] DEBUG TracerFacade\.ctor:16 - Starting tracer...
2025-07-03 13:52:29,451 [14] DEBUG ConfigurationFactory\GetAdapterConfiguration:101 - Adapter key: 'Adapters:Xil'
2025-07-03 13:52:29,453 [14] DEBUG ConfigurationFactory\GetAdapterConfiguration:105 - Connector key: 'Connectors:TestObjectTracer:CarBusControl'
2025-07-03 13:52:29,464 [14] DEBUG ConfigurationFactory\GetAdapterConfiguration:115 - Get connection configuration for 'Vector'
2025-07-03 13:52:29,466 [14] DEBUG ConfigurationFactory\GetAdapterConfiguration:119 - Path to the adapter configuration is 'Adapters:Xil:Connections:Vector'
2025-07-03 13:52:29,468 [14] DEBUG ConfigurationFactory\GetAdapterConfiguration:121 - Trying to get a configuration for connector key 'Connectors:TestObjectTracer:CarBusControl' using connections 'Vector' and adapter key 'Adapters:Xil'.
2025-07-03 13:52:29,473 [14] DEBUG ConfigurationFactory\GetConfigurationUserSecrets:172 - Added user secret section: 'CloudIdpClientId'
2025-07-03 13:52:29,476 [14] DEBUG ConfigurationFactory\GetConfigurationUserSecrets:172 - Added user secret section: 'CloudIdpClientSecret'
2025-07-03 13:52:29,479 [14] DEBUG ConfigurationFactory\GetConfigurationUserSecrets:172 - Added user secret section: 'Pkcs12Password'
2025-07-03 13:52:29,803 [14] INFO  AdapterXil\.ctor:46 - Instantiate XIL adapter 'Vector' (develop mode active: True)...
2025-07-03 13:52:29,806 [14] DEBUG AdapterXil\.ctor:50 - Model Access Port Configuration Path: ''
2025-07-03 13:52:29,808 [14] DEBUG AdapterXil\.ctor:51 - Vendor Name: 'Vector'
2025-07-03 13:52:29,811 [14] DEBUG AdapterXil\.ctor:52 - Product Name: 'CANoe64'
2025-07-03 13:52:29,814 [14] DEBUG AdapterXil\.ctor:53 - Product Version: '2.0.1'
2025-07-03 13:52:29,865 [14] DEBUG AdapterXil\.ctor:56 - API client is using http://localhost:64910/
2025-07-03 13:52:31,108 [14] INFO  AdapterXil\.ctor:67 - The XIL adapter is instantiated.
2025-07-03 13:52:31,110 [14] DEBUG AdapterXil\.ctor:68 - The signal mapping is not set yet.
2025-07-03 13:52:31,113 [14] DEBUG ConnectorBaseClass\.ctor:10 - Create connector with adapter 'AdapterXil.AdapterXil'.
2025-07-03 13:52:31,115 [14] DEBUG ConnectorBaseClass\.ctor:15 - Used settings for XIL interface:
DevelopMode: True
Vendor name: Vector
Product name: CANoe64
Product version: 2.0.1
API client base URL: http://localhost:64910/
Never-stop flag adapter: False
Never-stop flag server: True

2025-07-03 13:52:31,117 [14] DEBUG TracerFacade\.ctor:24 - The car bus tracer is created.
2025-07-03 13:52:31,118 [14] DEBUG ConfigurationFactory\GetAdapterConfiguration:101 - Adapter key: 'Adapters:Scp'
2025-07-03 13:52:31,120 [14] DEBUG ConfigurationFactory\GetAdapterConfiguration:105 - Connector key: 'Connectors:TestObjectTracer:CarBusDownload'
2025-07-03 13:52:31,122 [14] DEBUG ConfigurationFactory\GetAdapterConfiguration:115 - Get connection configuration for 'Scp1'
2025-07-03 13:52:31,123 [14] DEBUG ConfigurationFactory\GetAdapterConfiguration:119 - Path to the adapter configuration is 'Adapters:Scp:Connections:Scp1'
2025-07-03 13:52:31,125 [14] DEBUG ConfigurationFactory\GetAdapterConfiguration:121 - Trying to get a configuration for connector key 'Connectors:TestObjectTracer:CarBusDownload' using connections 'Scp1' and adapter key 'Adapters:Scp'.
2025-07-03 13:52:31,126 [14] DEBUG ConfigurationFactory\GetConfigurationUserSecrets:172 - Added user secret section: 'CloudIdpClientId'
2025-07-03 13:52:31,128 [14] DEBUG ConfigurationFactory\GetConfigurationUserSecrets:172 - Added user secret section: 'CloudIdpClientSecret'
2025-07-03 13:52:31,130 [14] DEBUG ConfigurationFactory\GetConfigurationUserSecrets:172 - Added user secret section: 'Pkcs12Password'
2025-07-03 13:52:31,153 [14] INFO  AdapterScp\.ctor:28 - Instantiate SCP adapter (develop mode active: True)...
2025-07-03 13:52:31,158 [14] INFO  AdapterScp\.ctor:32 - The SCP adapter is instantiated.
2025-07-03 13:52:31,161 [14] DEBUG ConnectorBaseClass\.ctor:10 - Create connector with adapter 'AdapterScp.AdapterScp'.
2025-07-03 13:52:31,163 [14] DEBUG ConnectorBaseClass\.ctor:15 - Used settings for SCP interface:
DevelopMode: True
Host: 
Path to traces: 

2025-07-03 13:52:31,166 [14] DEBUG TracerFacade\.ctor:32 - The car bus downloader is created.
2025-07-03 13:52:31,168 [14] DEBUG ConfigurationFactory\GetAdapterConfigurations:18 - Adapter key: 'Adapters:Dlt'
2025-07-03 13:52:31,170 [14] DEBUG ConfigurationFactory\GetAdapterConfigurations:22 - Connector key: 'Connectors:TestObjectTracer:Dlt'
2025-07-03 13:52:31,172 [14] DEBUG ConfigurationFactory\GetAdapterConfigurations:41 - Trying to get a configuration for connector key 'Connectors:TestObjectTracer:Dlt' using connections 'Java' and adapter key 'Adapters:Dlt'.
2025-07-03 13:52:31,174 [14] DEBUG ConfigurationFactory\GetAdapterConfigurations:48 - Path to the adapter configuration is 'Adapters:Dlt:Connections:Java'
2025-07-03 13:52:31,176 [14] DEBUG ConfigurationFactory\GetAdapterConfigurations:41 - Trying to get a configuration for connector key 'Connectors:TestObjectTracer:Dlt' using connections 'Adaptive' and adapter key 'Adapters:Dlt'.
2025-07-03 13:52:31,178 [14] DEBUG ConfigurationFactory\GetAdapterConfigurations:48 - Path to the adapter configuration is 'Adapters:Dlt:Connections:Adaptive'
2025-07-03 13:52:31,180 [14] DEBUG ConfigurationFactory\GetAdapterConfigurations:41 - Trying to get a configuration for connector key 'Connectors:TestObjectTracer:Dlt' using connections 'R7' and adapter key 'Adapters:Dlt'.
2025-07-03 13:52:31,183 [14] DEBUG ConfigurationFactory\GetAdapterConfigurations:48 - Path to the adapter configuration is 'Adapters:Dlt:Connections:R7'
2025-07-03 13:52:31,187 [14] INFO  AdapterDlt\.ctor:35 - Instantiate DLT adapter (develop mode active: True)...
2025-07-03 13:52:31,191 [14] DEBUG AdapterDlt\SetEventHandler:285 - Set Event Handler
2025-07-03 13:52:31,194 [14] INFO  AdapterDlt\.ctor:35 - Instantiate DLT adapter (develop mode active: True)...
2025-07-03 13:52:31,197 [14] DEBUG AdapterDlt\SetEventHandler:285 - Set Event Handler
2025-07-03 13:52:31,200 [14] INFO  AdapterDlt\.ctor:35 - Instantiate DLT adapter (develop mode active: True)...
2025-07-03 13:52:31,202 [14] DEBUG AdapterDlt\SetEventHandler:285 - Set Event Handler
2025-07-03 13:52:31,207 [14] DEBUG TracerDlt\.ctor:15 - Create connector with adapter 'AdapterDlt.AdapterDlt'.
2025-07-03 13:52:31,210 [14] DEBUG TracerDlt\.ctor:16 - Used settings for DLT interface:
DevelopMode: True
Partition: Java
Host: fd53:7cb8:383:802::107
Port: 3490

2025-07-03 13:52:31,213 [14] DEBUG TracerDlt\.ctor:15 - Create connector with adapter 'AdapterDlt.AdapterDlt'.
2025-07-03 13:52:31,215 [14] DEBUG TracerDlt\.ctor:16 - Used settings for DLT interface:
DevelopMode: True
Partition: Adaptive
Host: fd53:7cb8:383:801::106
Port: 3490

2025-07-03 13:52:31,217 [14] DEBUG TracerDlt\.ctor:15 - Create connector with adapter 'AdapterDlt.AdapterDlt'.
2025-07-03 13:52:31,219 [14] DEBUG TracerDlt\.ctor:16 - Used settings for DLT interface:
DevelopMode: True
Partition: R7
Host: fd53:7cb8:383:800::0004:10
Port: 3490

2025-07-03 13:52:31,221 [14] DEBUG TracerFacade\.ctor:40 - The DLT tracer is created.
2025-07-03 13:52:31,223 [14] DEBUG ConfigurationFactory\GetAdapterConfiguration:101 - Adapter key: 'Adapters:FrameGrabber'
2025-07-03 13:52:31,225 [14] DEBUG ConfigurationFactory\GetAdapterConfiguration:105 - Connector key: 'Connectors:TestObjectTracer:Hmi'
2025-07-03 13:52:31,227 [14] DEBUG ConfigurationFactory\GetAdapterConfiguration:115 - Get connection configuration for 'FrameGrabber1'
2025-07-03 13:52:31,229 [14] DEBUG ConfigurationFactory\GetAdapterConfiguration:119 - Path to the adapter configuration is 'Adapters:FrameGrabber:Connections:FrameGrabber1'
2025-07-03 13:52:31,231 [14] DEBUG ConfigurationFactory\GetAdapterConfiguration:121 - Trying to get a configuration for connector key 'Connectors:TestObjectTracer:Hmi' using connections 'FrameGrabber1' and adapter key 'Adapters:FrameGrabber'.
2025-07-03 13:52:31,233 [14] DEBUG ConfigurationFactory\GetConfigurationUserSecrets:172 - Added user secret section: 'CloudIdpClientId'
2025-07-03 13:52:31,235 [14] DEBUG ConfigurationFactory\GetConfigurationUserSecrets:172 - Added user secret section: 'CloudIdpClientSecret'
2025-07-03 13:52:31,237 [14] DEBUG ConfigurationFactory\GetConfigurationUserSecrets:172 - Added user secret section: 'Pkcs12Password'
2025-07-03 13:52:31,274 [14] DEBUG ConnectorBaseClass\.ctor:10 - Create connector with adapter 'AdapterFrameGrabber.AdapterFrameGrabber'.
2025-07-03 13:52:31,277 [14] DEBUG ConnectorBaseClass\.ctor:15 - Used settings for ODIS interface:
DevelopMode: True
Host: 
Port: 0

2025-07-03 13:52:31,279 [14] DEBUG TracerFacade\.ctor:48 - The HMI tracer is created.
2025-07-03 13:52:31,281 [14] DEBUG ConfigurationFactory\GetAdapterConfiguration:101 - Adapter key: 'Adapters:Odis'
2025-07-03 13:52:31,282 [14] DEBUG ConfigurationFactory\GetAdapterConfiguration:105 - Connector key: 'Connectors:TestObjectTracer:Odis'
2025-07-03 13:52:31,284 [14] DEBUG ConfigurationFactory\GetAdapterConfiguration:115 - Get connection configuration for 'Odis1'
2025-07-03 13:52:31,286 [14] DEBUG ConfigurationFactory\GetAdapterConfiguration:119 - Path to the adapter configuration is 'Adapters:Odis:Connections:Odis1'
2025-07-03 13:52:31,288 [14] DEBUG ConfigurationFactory\GetAdapterConfiguration:121 - Trying to get a configuration for connector key 'Connectors:TestObjectTracer:Odis' using connections 'Odis1' and adapter key 'Adapters:Odis'.
2025-07-03 13:52:31,290 [14] DEBUG ConfigurationFactory\GetConfigurationUserSecrets:172 - Added user secret section: 'CloudIdpClientId'
2025-07-03 13:52:31,293 [14] DEBUG ConfigurationFactory\GetConfigurationUserSecrets:172 - Added user secret section: 'CloudIdpClientSecret'
2025-07-03 13:52:31,295 [14] DEBUG ConfigurationFactory\GetConfigurationUserSecrets:172 - Added user secret section: 'Pkcs12Password'
2025-07-03 13:52:31,345 [14] INFO  AdapterOdis\.ctor:42 - Instantiate ODIS adapter (develop mode active: True)...
2025-07-03 13:52:31,504 [14] DEBUG AdapterOdis\.ctor:73 - ODIS adapter constructed with path '' and arguments ''.
2025-07-03 13:52:31,506 [14] DEBUG ConnectorBaseClass\.ctor:10 - Create connector with adapter 'AdapterOdis.AdapterOdis'.
2025-07-03 13:52:31,510 [14] DEBUG ConnectorBaseClass\.ctor:15 - Used settings for ODIS interface:
DevelopMode: True
Path to executable: 
Vehicle project name: VWE31

2025-07-03 13:52:31,512 [14] DEBUG TracerFacade\.ctor:56 - The ODIS tracer is created.
2025-07-03 13:52:31,515 [14] DEBUG ConfigurationFactory\GetAdapterConfiguration:101 - Adapter key: 'Adapters:Serial2'
2025-07-03 13:52:31,517 [14] DEBUG ConfigurationFactory\GetAdapterConfiguration:105 - Connector key: 'Connectors:TestObjectTracer:Serial2'
2025-07-03 13:52:31,519 [14] DEBUG ConfigurationFactory\GetAdapterConfiguration:115 - Get connection configuration for 'Serial2'
2025-07-03 13:52:31,521 [14] DEBUG ConfigurationFactory\GetAdapterConfiguration:119 - Path to the adapter configuration is 'Adapters:Serial2:Connections:Serial2'
2025-07-03 13:52:31,523 [14] DEBUG ConfigurationFactory\GetAdapterConfiguration:121 - Trying to get a configuration for connector key 'Connectors:TestObjectTracer:Serial2' using connections 'Serial2' and adapter key 'Adapters:Serial2'.
2025-07-03 13:52:31,526 [14] DEBUG ConfigurationFactory\GetConfigurationUserSecrets:172 - Added user secret section: 'CloudIdpClientId'
2025-07-03 13:52:31,528 [14] DEBUG ConfigurationFactory\GetConfigurationUserSecrets:172 - Added user secret section: 'CloudIdpClientSecret'
2025-07-03 13:52:31,530 [14] DEBUG ConfigurationFactory\GetConfigurationUserSecrets:172 - Added user secret section: 'Pkcs12Password'
2025-07-03 13:52:31,541 [14] INFO  AdapterSerial2\.ctor:35 - Instantiate Serial2 adapter (develop mode active: True)...
2025-07-03 13:52:31,545 [14] DEBUG AdapterSerial2\StartPreparation:309 - Executing start preparation for serial2 client. All Serial2-clients from the same path will be stopped.
2025-07-03 13:52:31,548 [14] DEBUG AdapterSerial2\StopProcessFromSamePath:369 - Mock-up active. This method returns true.
2025-07-03 13:52:31,550 [14] DEBUG ConnectorBaseClass\.ctor:10 - Create connector with adapter 'AdapterSerial2.AdapterSerial2'.
2025-07-03 13:52:31,553 [14] DEBUG ConnectorBaseClass\.ctor:15 - Used settings for Serial2 interface:
DevelopMode: True
Path to executable: 
Config path: serial2.config

2025-07-03 13:52:31,555 [14] DEBUG TracerFacade\.ctor:64 - The Serial2 tracer is created.
2025-07-03 13:52:31,558 [14] DEBUG ConnectorFacade\.ctor:25 - The tracer is created.
2025-07-03 13:52:31,561 [14] DEBUG StimulatorFacade\.ctor:20 - Starting stimulators...
2025-07-03 13:52:31,564 [14] DEBUG ConfigurationFactory\GetAdapterConfiguration:101 - Adapter key: 'Adapters:Xil'
2025-07-03 13:52:31,566 [14] DEBUG ConfigurationFactory\GetAdapterConfiguration:105 - Connector key: 'Connectors:TestObjectStimulation:CanManipulator'
2025-07-03 13:52:31,569 [14] DEBUG ConfigurationFactory\GetAdapterConfiguration:115 - Get connection configuration for 'CanManipulation'
2025-07-03 13:52:31,571 [14] DEBUG ConfigurationFactory\GetAdapterConfiguration:119 - Path to the adapter configuration is 'Adapters:Xil:Connections:CanManipulation'
2025-07-03 13:52:31,573 [14] DEBUG ConfigurationFactory\GetAdapterConfiguration:121 - Trying to get a configuration for connector key 'Connectors:TestObjectStimulation:CanManipulator' using connections 'CanManipulation' and adapter key 'Adapters:Xil'.
2025-07-03 13:52:31,576 [14] DEBUG ConfigurationFactory\GetConfigurationUserSecrets:172 - Added user secret section: 'CloudIdpClientId'
2025-07-03 13:52:31,578 [14] DEBUG ConfigurationFactory\GetConfigurationUserSecrets:172 - Added user secret section: 'CloudIdpClientSecret'
2025-07-03 13:52:31,581 [14] DEBUG ConfigurationFactory\GetConfigurationUserSecrets:172 - Added user secret section: 'Pkcs12Password'
2025-07-03 13:52:31,588 [14] INFO  AdapterXil\.ctor:46 - Instantiate XIL adapter 'CanManipulation' (develop mode active: True)...
2025-07-03 13:52:31,591 [14] DEBUG AdapterXil\.ctor:50 - Model Access Port Configuration Path: 'D:\01_Workspace\00_DataTransfer\03_TestingInstances\PP04\CanManipulationMAPortConfigFDX.xml'
2025-07-03 13:52:31,594 [14] DEBUG AdapterXil\.ctor:51 - Vendor Name: 'Vector'
2025-07-03 13:52:31,597 [14] DEBUG AdapterXil\.ctor:52 - Product Name: 'CANoe64'
2025-07-03 13:52:31,599 [14] DEBUG AdapterXil\.ctor:53 - Product Version: '2.1.0'
2025-07-03 13:52:31,602 [14] DEBUG AdapterXil\.ctor:56 - API client is using http://localhost:64910/
2025-07-03 13:52:32,407 [14] INFO  AdapterXil\.ctor:67 - The XIL adapter is instantiated.
2025-07-03 13:52:32,410 [14] DEBUG AdapterXil\.ctor:68 - The signal mapping is not set yet.
2025-07-03 13:52:32,437 [14] DEBUG ConnectorBaseClass\.ctor:10 - Create connector with adapter 'AdapterXil.AdapterXil'.
2025-07-03 13:52:32,440 [14] DEBUG ConnectorBaseClass\.ctor:15 - Used settings for XIL interface:
DevelopMode: True
Vendor name: Vector
Product name: CANoe64
Product version: 2.1.0
API client base URL: http://localhost:64910/
Never-stop flag adapter: True
Never-stop flag server: True

2025-07-03 13:52:32,442 [14] DEBUG StimulatorFacade\.ctor:28 - The CAN manipulator is created.
2025-07-03 13:52:32,445 [14] DEBUG ConfigurationFactory\GetAdapterConfiguration:101 - Adapter key: 'Adapters:Cmt'
2025-07-03 13:52:32,447 [14] DEBUG ConfigurationFactory\GetAdapterConfiguration:105 - Connector key: 'Connectors:TestObjectStimulation:CmtStimulator'
2025-07-03 13:52:32,449 [14] DEBUG ConfigurationFactory\GetAdapterConfiguration:115 - Get connection configuration for 'Cmt1'
2025-07-03 13:52:32,452 [14] DEBUG ConfigurationFactory\GetAdapterConfiguration:119 - Path to the adapter configuration is 'Adapters:Cmt:Connections:Cmt1'
2025-07-03 13:52:32,454 [14] DEBUG ConfigurationFactory\GetAdapterConfiguration:121 - Trying to get a configuration for connector key 'Connectors:TestObjectStimulation:CmtStimulator' using connections 'Cmt1' and adapter key 'Adapters:Cmt'.
2025-07-03 13:52:32,457 [14] DEBUG ConfigurationFactory\GetConfigurationUserSecrets:172 - Added user secret section: 'CloudIdpClientId'
2025-07-03 13:52:32,459 [14] DEBUG ConfigurationFactory\GetConfigurationUserSecrets:172 - Added user secret section: 'CloudIdpClientSecret'
2025-07-03 13:52:32,462 [14] DEBUG ConfigurationFactory\GetConfigurationUserSecrets:172 - Added user secret section: 'Pkcs12Password'
2025-07-03 13:52:32,497 [14] INFO  AdapterCmt\.ctor:35 - Instantiate CMT adapter (develop mode active)...
2025-07-03 13:52:32,501 [14] DEBUG AdapterCmt\SetSecrets:537 - The adapter is in DevelopMode. This method will be skipped.
2025-07-03 13:52:32,551 [14] INFO  AdapterCmt\.ctor:47 - The CMT adapter is instantiated.
2025-07-03 13:52:32,568 [14] DEBUG ConnectorBaseClass\.ctor:10 - Create connector with adapter 'AdapterCmt.AdapterCmt'.
2025-07-03 13:52:32,572 [14] DEBUG ConnectorBaseClass\.ctor:15 - Used settings for CMT interface:
DevelopMode: True
Action Code: GK01

2025-07-03 13:52:32,574 [14] DEBUG StimulatorFacade\.ctor:36 - The CAN manipulator is created.
2025-07-03 13:52:32,576 [14] DEBUG ConfigurationFactory\GetAdapterConfiguration:101 - Adapter key: 'Adapters:Odis'
2025-07-03 13:52:32,579 [14] DEBUG ConfigurationFactory\GetAdapterConfiguration:105 - Connector key: 'Connectors:TestObjectStimulation:DiagnosticStimulator'
2025-07-03 13:52:32,581 [14] DEBUG ConfigurationFactory\GetAdapterConfiguration:115 - Get connection configuration for 'Odis1'
2025-07-03 13:52:32,584 [14] DEBUG ConfigurationFactory\GetAdapterConfiguration:119 - Path to the adapter configuration is 'Adapters:Odis:Connections:Odis1'
2025-07-03 13:52:32,586 [14] DEBUG ConfigurationFactory\GetAdapterConfiguration:121 - Trying to get a configuration for connector key 'Connectors:TestObjectStimulation:DiagnosticStimulator' using connections 'Odis1' and adapter key 'Adapters:Odis'.
2025-07-03 13:52:32,589 [14] DEBUG ConfigurationFactory\GetConfigurationUserSecrets:172 - Added user secret section: 'CloudIdpClientId'
2025-07-03 13:52:32,592 [14] DEBUG ConfigurationFactory\GetConfigurationUserSecrets:172 - Added user secret section: 'CloudIdpClientSecret'
2025-07-03 13:52:32,595 [14] DEBUG ConfigurationFactory\GetConfigurationUserSecrets:172 - Added user secret section: 'Pkcs12Password'
2025-07-03 13:52:32,607 [14] INFO  AdapterOdis\.ctor:42 - Instantiate ODIS adapter (develop mode active: True)...
2025-07-03 13:52:32,631 [14] DEBUG AdapterOdis\.ctor:73 - ODIS adapter constructed with path '' and arguments ''.
2025-07-03 13:52:32,634 [14] DEBUG ConnectorBaseClass\.ctor:10 - Create connector with adapter 'AdapterOdis.AdapterOdis'.
2025-07-03 13:52:32,637 [14] DEBUG ConnectorBaseClass\.ctor:15 - Used settings for ODIS interface:
DevelopMode: True
Path to executable: 
Vehicle project name: VWE31

2025-07-03 13:52:32,639 [14] DEBUG StimulatorFacade\.ctor:44 - The diagnostic stimulator is created.
2025-07-03 13:52:32,642 [14] DEBUG ConfigurationFactory\GetAdapterConfiguration:101 - Adapter key: 'Adapters:Xil'
2025-07-03 13:52:32,645 [14] DEBUG ConfigurationFactory\GetAdapterConfiguration:105 - Connector key: 'Connectors:TestObjectStimulation:HmiController'
2025-07-03 13:52:32,648 [14] DEBUG ConfigurationFactory\GetAdapterConfiguration:115 - Get connection configuration for 'Vector'
2025-07-03 13:52:32,650 [14] DEBUG ConfigurationFactory\GetAdapterConfiguration:119 - Path to the adapter configuration is 'Adapters:Xil:Connections:Vector'
2025-07-03 13:52:32,652 [14] DEBUG ConfigurationFactory\GetAdapterConfiguration:121 - Trying to get a configuration for connector key 'Connectors:TestObjectStimulation:HmiController' using connections 'Vector' and adapter key 'Adapters:Xil'.
2025-07-03 13:52:32,655 [14] DEBUG ConfigurationFactory\GetConfigurationUserSecrets:172 - Added user secret section: 'CloudIdpClientId'
2025-07-03 13:52:32,659 [14] DEBUG ConfigurationFactory\GetConfigurationUserSecrets:172 - Added user secret section: 'CloudIdpClientSecret'
2025-07-03 13:52:32,662 [14] DEBUG ConfigurationFactory\GetConfigurationUserSecrets:172 - Added user secret section: 'Pkcs12Password'
2025-07-03 13:52:32,671 [14] INFO  AdapterXil\.ctor:46 - Instantiate XIL adapter 'Vector' (develop mode active: True)...
2025-07-03 13:52:32,674 [14] DEBUG AdapterXil\.ctor:50 - Model Access Port Configuration Path: ''
2025-07-03 13:52:32,677 [14] DEBUG AdapterXil\.ctor:51 - Vendor Name: 'Vector'
2025-07-03 13:52:32,680 [14] DEBUG AdapterXil\.ctor:52 - Product Name: 'CANoe64'
2025-07-03 13:52:32,683 [14] DEBUG AdapterXil\.ctor:53 - Product Version: '2.0.1'
2025-07-03 13:52:32,685 [14] DEBUG AdapterXil\.ctor:56 - API client is using http://localhost:64910/
2025-07-03 13:52:33,458 [14] INFO  AdapterXil\.ctor:67 - The XIL adapter is instantiated.
2025-07-03 13:52:33,461 [14] DEBUG AdapterXil\.ctor:68 - The signal mapping is not set yet.
2025-07-03 13:52:33,470 [14] DEBUG ConnectorBaseClass\.ctor:10 - Create connector with adapter 'AdapterXil.AdapterXil'.
2025-07-03 13:52:33,473 [14] DEBUG ConnectorBaseClass\.ctor:15 - Used settings for XIL interface:
DevelopMode: True
Vendor name: Vector
Product name: CANoe64
Product version: 2.0.1
API client base URL: http://localhost:64910/
Never-stop flag adapter: False
Never-stop flag server: True

2025-07-03 13:52:33,475 [14] DEBUG StimulatorFacade\.ctor:52 - The HMI controller is created.
2025-07-03 13:52:33,478 [14] DEBUG ConfigurationFactory\GetAdapterConfiguration:101 - Adapter key: 'Adapters:Xil'
2025-07-03 13:52:33,481 [14] DEBUG ConfigurationFactory\GetAdapterConfiguration:105 - Connector key: 'Connectors:TestObjectStimulation:RestBusController'
2025-07-03 13:52:33,483 [14] DEBUG ConfigurationFactory\GetAdapterConfiguration:115 - Get connection configuration for 'dSPACE'
2025-07-03 13:52:33,486 [14] DEBUG ConfigurationFactory\GetAdapterConfiguration:119 - Path to the adapter configuration is 'Adapters:Xil:Connections:dSPACE'
2025-07-03 13:52:33,488 [14] DEBUG ConfigurationFactory\GetAdapterConfiguration:121 - Trying to get a configuration for connector key 'Connectors:TestObjectStimulation:RestBusController' using connections 'dSPACE' and adapter key 'Adapters:Xil'.
2025-07-03 13:52:33,490 [14] DEBUG ConfigurationFactory\GetConfigurationUserSecrets:172 - Added user secret section: 'CloudIdpClientId'
2025-07-03 13:52:33,493 [14] DEBUG ConfigurationFactory\GetConfigurationUserSecrets:172 - Added user secret section: 'CloudIdpClientSecret'
2025-07-03 13:52:33,496 [14] DEBUG ConfigurationFactory\GetConfigurationUserSecrets:172 - Added user secret section: 'Pkcs12Password'
2025-07-03 13:52:33,505 [14] INFO  AdapterXil\.ctor:46 - Instantiate XIL adapter 'dSPACE' (develop mode active: True)...
2025-07-03 13:52:33,508 [14] DEBUG AdapterXil\.ctor:50 - Model Access Port Configuration Path: ''
2025-07-03 13:52:33,511 [14] DEBUG AdapterXil\.ctor:51 - Vendor Name: 'dSPACE GmbH'
2025-07-03 13:52:33,514 [14] DEBUG AdapterXil\.ctor:52 - Product Name: 'XIL API'
2025-07-03 13:52:33,517 [14] DEBUG AdapterXil\.ctor:53 - Product Version: '2018-A'
2025-07-03 13:52:33,519 [14] DEBUG AdapterXil\.ctor:56 - API client is using http://localhost:64910/
2025-07-03 13:52:34,251 [14] INFO  AdapterXil\.ctor:67 - The XIL adapter is instantiated.
2025-07-03 13:52:34,254 [14] DEBUG AdapterXil\.ctor:68 - The signal mapping is not set yet.
2025-07-03 13:52:34,257 [14] DEBUG ConnectorBaseClass\.ctor:10 - Create connector with adapter 'AdapterXil.AdapterXil'.
2025-07-03 13:52:34,260 [14] DEBUG ConnectorBaseClass\.ctor:15 - Used settings for XIL interface:
DevelopMode: True
Vendor name: dSPACE GmbH
Product name: XIL API
Product version: 2018-A
API client base URL: http://localhost:64910/
Never-stop flag adapter: True
Never-stop flag server: True

2025-07-03 13:52:34,263 [14] DEBUG StimulatorFacade\.ctor:60 - The rest bus stimulator is created.
2025-07-03 13:52:34,266 [14] DEBUG ConfigurationFactory\GetAdapterConfiguration:101 - Adapter key: 'Adapters:Xil'
2025-07-03 13:52:34,269 [14] DEBUG ConfigurationFactory\GetAdapterConfiguration:105 - Connector key: 'Connectors:TestObjectStimulation:SignalManipulator'
2025-07-03 13:52:34,273 [14] DEBUG ConfigurationFactory\GetAdapterConfiguration:115 - Get connection configuration for 'Vector'
2025-07-03 13:52:34,276 [14] DEBUG ConfigurationFactory\GetAdapterConfiguration:119 - Path to the adapter configuration is 'Adapters:Xil:Connections:Vector'
2025-07-03 13:52:34,279 [14] DEBUG ConfigurationFactory\GetAdapterConfiguration:121 - Trying to get a configuration for connector key 'Connectors:TestObjectStimulation:SignalManipulator' using connections 'Vector' and adapter key 'Adapters:Xil'.
2025-07-03 13:52:34,283 [14] DEBUG ConfigurationFactory\GetConfigurationUserSecrets:172 - Added user secret section: 'CloudIdpClientId'
2025-07-03 13:52:34,286 [14] DEBUG ConfigurationFactory\GetConfigurationUserSecrets:172 - Added user secret section: 'CloudIdpClientSecret'
2025-07-03 13:52:34,289 [14] DEBUG ConfigurationFactory\GetConfigurationUserSecrets:172 - Added user secret section: 'Pkcs12Password'
2025-07-03 13:52:34,297 [14] INFO  AdapterXil\.ctor:46 - Instantiate XIL adapter 'Vector' (develop mode active: True)...
2025-07-03 13:52:34,301 [14] DEBUG AdapterXil\.ctor:50 - Model Access Port Configuration Path: ''
2025-07-03 13:52:34,304 [14] DEBUG AdapterXil\.ctor:51 - Vendor Name: 'Vector'
2025-07-03 13:52:34,307 [14] DEBUG AdapterXil\.ctor:52 - Product Name: 'CANoe64'
2025-07-03 13:52:34,310 [14] DEBUG AdapterXil\.ctor:53 - Product Version: '2.0.1'
2025-07-03 13:52:34,314 [14] DEBUG AdapterXil\.ctor:56 - API client is using http://localhost:64910/
2025-07-03 13:52:35,039 [14] INFO  AdapterXil\.ctor:67 - The XIL adapter is instantiated.
2025-07-03 13:52:35,044 [14] DEBUG AdapterXil\.ctor:68 - The signal mapping is not set yet.
2025-07-03 13:52:35,048 [14] DEBUG ConnectorBaseClass\.ctor:10 - Create connector with adapter 'AdapterXil.AdapterXil'.
2025-07-03 13:52:35,051 [14] DEBUG ConnectorBaseClass\.ctor:15 - Used settings for XIL interface:
DevelopMode: True
Vendor name: Vector
Product name: CANoe64
Product version: 2.0.1
API client base URL: http://localhost:64910/
Never-stop flag adapter: False
Never-stop flag server: True

2025-07-03 13:52:35,054 [14] DEBUG StimulatorFacade\.ctor:68 - The signal manipulator is created.
2025-07-03 13:52:35,057 [14] DEBUG ConfigurationFactory\GetAdapterConfiguration:101 - Adapter key: 'Adapters:Ssh'
2025-07-03 13:52:35,060 [14] DEBUG ConfigurationFactory\GetAdapterConfiguration:105 - Connector key: 'Connectors:TestObjectStimulation:SshStimulator'
2025-07-03 13:52:35,063 [14] DEBUG ConfigurationFactory\GetAdapterConfiguration:115 - Get connection configuration for 'Ssh1'
2025-07-03 13:52:35,066 [14] DEBUG ConfigurationFactory\GetAdapterConfiguration:119 - Path to the adapter configuration is 'Adapters:Ssh:Connections:Ssh1'
2025-07-03 13:52:35,069 [14] DEBUG ConfigurationFactory\GetAdapterConfiguration:121 - Trying to get a configuration for connector key 'Connectors:TestObjectStimulation:SshStimulator' using connections 'Ssh1' and adapter key 'Adapters:Ssh'.
2025-07-03 13:52:35,073 [14] DEBUG ConfigurationFactory\GetConfigurationUserSecrets:172 - Added user secret section: 'CloudIdpClientId'
2025-07-03 13:52:35,077 [14] DEBUG ConfigurationFactory\GetConfigurationUserSecrets:172 - Added user secret section: 'CloudIdpClientSecret'
2025-07-03 13:52:35,082 [14] DEBUG ConfigurationFactory\GetConfigurationUserSecrets:172 - Added user secret section: 'Pkcs12Password'
2025-07-03 13:52:35,123 [14] INFO  AdapterSsh\.ctor:34 - Instantiate SSH adapter (develop mode active: True)...
2025-07-03 13:52:35,150 [14] INFO  AdapterSsh\.ctor:40 - The SSH adapter is instantiated.
2025-07-03 13:52:35,155 [14] DEBUG ConnectorBaseClass\.ctor:10 - Create connector with adapter 'AdapterSsh.AdapterSsh'.
2025-07-03 13:52:35,158 [14] DEBUG ConnectorBaseClass\.ctor:15 - Used settings for SSH interface:
DevelopMode: True
Host: 
Port: 22
Path to key file: 

2025-07-03 13:52:35,163 [14] DEBUG StimulatorFacade\.ctor:76 - The SSH stimulator is created.
2025-07-03 13:52:35,168 [14] DEBUG ConfigurationFactory\GetAdapterConfiguration:101 - Adapter key: 'Adapters:Swms'
2025-07-03 13:52:35,173 [14] DEBUG ConfigurationFactory\GetAdapterConfiguration:105 - Connector key: 'Connectors:TestObjectStimulation:SwmsStimulator'
2025-07-03 13:52:35,177 [14] DEBUG ConfigurationFactory\GetAdapterConfiguration:115 - Get connection configuration for 'Swms1'
2025-07-03 13:52:35,180 [14] DEBUG ConfigurationFactory\GetAdapterConfiguration:119 - Path to the adapter configuration is 'Adapters:Swms:Connections:Swms1'
2025-07-03 13:52:35,184 [14] DEBUG ConfigurationFactory\GetAdapterConfiguration:121 - Trying to get a configuration for connector key 'Connectors:TestObjectStimulation:SwmsStimulator' using connections 'Swms1' and adapter key 'Adapters:Swms'.
2025-07-03 13:52:35,187 [14] DEBUG ConfigurationFactory\GetConfigurationUserSecrets:172 - Added user secret section: 'CloudIdpClientId'
2025-07-03 13:52:35,190 [14] DEBUG ConfigurationFactory\GetConfigurationUserSecrets:172 - Added user secret section: 'CloudIdpClientSecret'
2025-07-03 13:52:35,194 [14] DEBUG ConfigurationFactory\GetConfigurationUserSecrets:172 - Added user secret section: 'Pkcs12Password'
2025-07-03 13:52:35,207 [14] DEBUG ConnectorBaseClass\.ctor:10 - Create connector with adapter 'AdapterSwms.AdapterSwms'.
2025-07-03 13:52:35,213 [14] DEBUG ConnectorBaseClass\.ctor:15 - Used settings for SWMS interface:
DevelopMode: True
Vendor name: 44112418704426729055536685669860618247
Product name: BVWTDMEDZPE208310
Use proxy: False
Cloud IDP URL: https://idp.cloud.vwgroup.com/auth/realms/kums-mfa/protocol/openid-connect/token
SWMS API URL: https://ota-api.oru-swms.int.eu.bp.aws.cloud.vwgroup.com/sma/api/v1.0
Proxy URL: http://10.252.76.110:8080
SWMS switch domain URL: https://ota-api.oru-swms.int.eu.bp.aws.cloud.vwgroup.com/sma/api/login/federated

2025-07-03 13:52:35,219 [14] DEBUG StimulatorFacade\.ctor:84 - The SWMS stimulator is created.
2025-07-03 13:52:35,225 [14] DEBUG ConnectorFacade\.ctor:28 - The stimulator is created.
2025-07-03 13:52:35,233 [14] DEBUG ObserverFacade\.ctor:22 - Creating Observers...
2025-07-03 13:52:35,237 [14] DEBUG ConfigurationFactory\GetAdapterConfiguration:101 - Adapter key: 'Adapters:Xil'
2025-07-03 13:52:35,241 [14] DEBUG ConfigurationFactory\GetAdapterConfiguration:105 - Connector key: 'Connectors:TestObjectObserver:CanManipulation'
2025-07-03 13:52:35,247 [14] DEBUG ConfigurationFactory\GetAdapterConfiguration:115 - Get connection configuration for 'CanManipulation'
2025-07-03 13:52:35,252 [14] DEBUG ConfigurationFactory\GetAdapterConfiguration:119 - Path to the adapter configuration is 'Adapters:Xil:Connections:CanManipulation'
2025-07-03 13:52:35,256 [14] DEBUG ConfigurationFactory\GetAdapterConfiguration:121 - Trying to get a configuration for connector key 'Connectors:TestObjectObserver:CanManipulation' using connections 'CanManipulation' and adapter key 'Adapters:Xil'.
2025-07-03 13:52:35,261 [14] DEBUG ConfigurationFactory\GetConfigurationUserSecrets:172 - Added user secret section: 'CloudIdpClientId'
2025-07-03 13:52:35,265 [14] DEBUG ConfigurationFactory\GetConfigurationUserSecrets:172 - Added user secret section: 'CloudIdpClientSecret'
2025-07-03 13:52:35,269 [14] DEBUG ConfigurationFactory\GetConfigurationUserSecrets:172 - Added user secret section: 'Pkcs12Password'
2025-07-03 13:52:35,276 [14] INFO  AdapterXil\.ctor:46 - Instantiate XIL adapter 'CanManipulation' (develop mode active: True)...
2025-07-03 13:52:35,280 [14] DEBUG AdapterXil\.ctor:50 - Model Access Port Configuration Path: 'D:\01_Workspace\00_DataTransfer\03_TestingInstances\PP04\CanManipulationMAPortConfigFDX.xml'
2025-07-03 13:52:35,282 [14] DEBUG AdapterXil\.ctor:51 - Vendor Name: 'Vector'
2025-07-03 13:52:35,284 [14] DEBUG AdapterXil\.ctor:52 - Product Name: 'CANoe64'
2025-07-03 13:52:35,286 [14] DEBUG AdapterXil\.ctor:53 - Product Version: '2.1.0'
2025-07-03 13:52:35,288 [14] DEBUG AdapterXil\.ctor:56 - API client is using http://localhost:64910/
2025-07-03 13:52:36,022 [14] INFO  AdapterXil\.ctor:67 - The XIL adapter is instantiated.
2025-07-03 13:52:36,025 [14] DEBUG AdapterXil\.ctor:68 - The signal mapping is not set yet.
2025-07-03 13:52:36,027 [14] DEBUG ConnectorBaseClass\.ctor:10 - Create connector with adapter 'AdapterXil.AdapterXil'.
2025-07-03 13:52:36,028 [14] DEBUG ConnectorBaseClass\.ctor:15 - Used settings for XIL interface:
DevelopMode: True
Vendor name: Vector
Product name: CANoe64
Product version: 2.1.0
API client base URL: http://localhost:64910/
Never-stop flag adapter: True
Never-stop flag server: True

2025-07-03 13:52:36,029 [14] DEBUG ObserverFacade\.ctor:32 - The CAN manipulation observer is created.
2025-07-03 13:52:36,030 [14] DEBUG ConfigurationFactory\GetAdapterConfiguration:101 - Adapter key: 'Adapters:Xil'
2025-07-03 13:52:36,030 [14] DEBUG ConfigurationFactory\GetAdapterConfiguration:105 - Connector key: 'Connectors:TestObjectObserver:CarBus'
2025-07-03 13:52:36,031 [14] DEBUG ConfigurationFactory\GetAdapterConfiguration:115 - Get connection configuration for 'Vector'
2025-07-03 13:52:36,032 [14] DEBUG ConfigurationFactory\GetAdapterConfiguration:119 - Path to the adapter configuration is 'Adapters:Xil:Connections:Vector'
2025-07-03 13:52:36,032 [14] DEBUG ConfigurationFactory\GetAdapterConfiguration:121 - Trying to get a configuration for connector key 'Connectors:TestObjectObserver:CarBus' using connections 'Vector' and adapter key 'Adapters:Xil'.
2025-07-03 13:52:36,033 [14] DEBUG ConfigurationFactory\GetConfigurationUserSecrets:172 - Added user secret section: 'CloudIdpClientId'
2025-07-03 13:52:36,034 [14] DEBUG ConfigurationFactory\GetConfigurationUserSecrets:172 - Added user secret section: 'CloudIdpClientSecret'
2025-07-03 13:52:36,035 [14] DEBUG ConfigurationFactory\GetConfigurationUserSecrets:172 - Added user secret section: 'Pkcs12Password'
2025-07-03 13:52:36,041 [14] INFO  AdapterXil\.ctor:46 - Instantiate XIL adapter 'Vector' (develop mode active: True)...
2025-07-03 13:52:36,043 [14] DEBUG AdapterXil\.ctor:50 - Model Access Port Configuration Path: ''
2025-07-03 13:52:36,044 [14] DEBUG AdapterXil\.ctor:51 - Vendor Name: 'Vector'
2025-07-03 13:52:36,045 [14] DEBUG AdapterXil\.ctor:52 - Product Name: 'CANoe64'
2025-07-03 13:52:36,046 [14] DEBUG AdapterXil\.ctor:53 - Product Version: '2.0.1'
2025-07-03 13:52:36,047 [14] DEBUG AdapterXil\.ctor:56 - API client is using http://localhost:64910/
2025-07-03 13:52:36,787 [14] INFO  AdapterXil\.ctor:67 - The XIL adapter is instantiated.
2025-07-03 13:52:36,788 [14] DEBUG AdapterXil\.ctor:68 - The signal mapping is not set yet.
2025-07-03 13:52:36,789 [14] DEBUG ConnectorBaseClass\.ctor:10 - Create connector with adapter 'AdapterXil.AdapterXil'.
2025-07-03 13:52:36,790 [14] DEBUG ConnectorBaseClass\.ctor:15 - Used settings for XIL interface:
DevelopMode: True
Vendor name: Vector
Product name: CANoe64
Product version: 2.0.1
API client base URL: http://localhost:64910/
Never-stop flag adapter: False
Never-stop flag server: True

2025-07-03 13:52:36,791 [14] DEBUG ObserverFacade\.ctor:40 - The car bus observer is created.
2025-07-03 13:52:36,792 [14] DEBUG ConfigurationFactory\GetAdapterConfiguration:101 - Adapter key: 'Adapters:Dlt'
2025-07-03 13:52:36,793 [14] DEBUG ConfigurationFactory\GetAdapterConfiguration:105 - Connector key: 'Connectors:TestObjectObserver:Dlt'
2025-07-03 13:52:36,794 [14] DEBUG ConfigurationFactory\GetAdapterConfiguration:115 - Get connection configuration for 'Java'
2025-07-03 13:52:36,795 [14] DEBUG ConfigurationFactory\GetAdapterConfiguration:119 - Path to the adapter configuration is 'Adapters:Dlt:Connections:Java'
2025-07-03 13:52:36,796 [14] DEBUG ConfigurationFactory\GetAdapterConfiguration:121 - Trying to get a configuration for connector key 'Connectors:TestObjectObserver:Dlt' using connections 'Java' and adapter key 'Adapters:Dlt'.
2025-07-03 13:52:36,797 [14] DEBUG ConfigurationFactory\GetConfigurationUserSecrets:172 - Added user secret section: 'CloudIdpClientId'
2025-07-03 13:52:36,798 [14] DEBUG ConfigurationFactory\GetConfigurationUserSecrets:172 - Added user secret section: 'CloudIdpClientSecret'
2025-07-03 13:52:36,799 [14] DEBUG ConfigurationFactory\GetConfigurationUserSecrets:172 - Added user secret section: 'Pkcs12Password'
2025-07-03 13:52:36,805 [14] INFO  AdapterDlt\.ctor:35 - Instantiate DLT adapter (develop mode active: True)...
2025-07-03 13:52:36,807 [14] DEBUG AdapterDlt\SetEventHandler:285 - Set Event Handler
2025-07-03 13:52:36,809 [14] DEBUG ConnectorBaseClass\.ctor:10 - Create connector with adapter 'AdapterDlt.AdapterDlt'.
2025-07-03 13:52:36,810 [14] DEBUG ConnectorBaseClass\.ctor:15 - Used settings for DLT interface:
DevelopMode: True
Partition: Java
Host: fd53:7cb8:383:802::107
Port: 3490

2025-07-03 13:52:36,812 [14] DEBUG ObserverFacade\.ctor:48 - The DLT observer is created.
2025-07-03 13:52:36,813 [14] DEBUG ConfigurationFactory\GetAdapterConfiguration:101 - Adapter key: 'Adapters:FrameGrabber'
2025-07-03 13:52:36,814 [14] DEBUG ConfigurationFactory\GetAdapterConfiguration:105 - Connector key: 'Connectors:TestObjectObserver:Hmi'
2025-07-03 13:52:36,816 [14] DEBUG ConfigurationFactory\GetAdapterConfiguration:115 - Get connection configuration for 'FrameGrabber1'
2025-07-03 13:52:36,817 [14] DEBUG ConfigurationFactory\GetAdapterConfiguration:119 - Path to the adapter configuration is 'Adapters:FrameGrabber:Connections:FrameGrabber1'
2025-07-03 13:52:36,818 [14] DEBUG ConfigurationFactory\GetAdapterConfiguration:121 - Trying to get a configuration for connector key 'Connectors:TestObjectObserver:Hmi' using connections 'FrameGrabber1' and adapter key 'Adapters:FrameGrabber'.
2025-07-03 13:52:36,820 [14] DEBUG ConfigurationFactory\GetConfigurationUserSecrets:172 - Added user secret section: 'CloudIdpClientId'
2025-07-03 13:52:36,821 [14] DEBUG ConfigurationFactory\GetConfigurationUserSecrets:172 - Added user secret section: 'CloudIdpClientSecret'
2025-07-03 13:52:36,822 [14] DEBUG ConfigurationFactory\GetConfigurationUserSecrets:172 - Added user secret section: 'Pkcs12Password'
2025-07-03 13:52:36,839 [14] DEBUG ConnectorBaseClass\.ctor:10 - Create connector with adapter 'AdapterFrameGrabber.AdapterFrameGrabber'.
2025-07-03 13:52:36,840 [14] DEBUG ConnectorBaseClass\.ctor:15 - Used settings for ODIS interface:
DevelopMode: True
Host: 
Port: 0

2025-07-03 13:52:36,841 [14] DEBUG ObserverFacade\.ctor:56 - The HMI observer is created.
2025-07-03 13:52:36,842 [14] DEBUG ConfigurationFactory\GetAdapterConfiguration:101 - Adapter key: 'Adapters:Odis'
2025-07-03 13:52:36,843 [14] DEBUG ConfigurationFactory\GetAdapterConfiguration:105 - Connector key: 'Connectors:TestObjectObserver:Odis'
2025-07-03 13:52:36,843 [14] DEBUG ConfigurationFactory\GetAdapterConfiguration:115 - Get connection configuration for 'Odis1'
2025-07-03 13:52:36,844 [14] DEBUG ConfigurationFactory\GetAdapterConfiguration:119 - Path to the adapter configuration is 'Adapters:Odis:Connections:Odis1'
2025-07-03 13:52:36,845 [14] DEBUG ConfigurationFactory\GetAdapterConfiguration:121 - Trying to get a configuration for connector key 'Connectors:TestObjectObserver:Odis' using connections 'Odis1' and adapter key 'Adapters:Odis'.
2025-07-03 13:52:36,846 [14] DEBUG ConfigurationFactory\GetConfigurationUserSecrets:172 - Added user secret section: 'CloudIdpClientId'
2025-07-03 13:52:36,847 [14] DEBUG ConfigurationFactory\GetConfigurationUserSecrets:172 - Added user secret section: 'CloudIdpClientSecret'
2025-07-03 13:52:36,847 [14] DEBUG ConfigurationFactory\GetConfigurationUserSecrets:172 - Added user secret section: 'Pkcs12Password'
2025-07-03 13:52:36,861 [14] INFO  AdapterOdis\.ctor:42 - Instantiate ODIS adapter (develop mode active: True)...
2025-07-03 13:52:36,880 [14] DEBUG AdapterOdis\.ctor:73 - ODIS adapter constructed with path '' and arguments ''.
2025-07-03 13:52:36,896 [14] DEBUG ConnectorBaseClass\.ctor:10 - Create connector with adapter 'AdapterOdis.AdapterOdis'.
2025-07-03 13:52:36,897 [14] DEBUG ConnectorBaseClass\.ctor:15 - Used settings for ODIS interface:
DevelopMode: True
Path to executable: 
Vehicle project name: VWE31

2025-07-03 13:52:36,898 [14] DEBUG ObserverFacade\.ctor:64 - The ODIS observer is created.
2025-07-03 13:52:36,899 [14] DEBUG ConfigurationFactory\GetAdapterConfiguration:101 - Adapter key: 'Adapters:Webcam'
2025-07-03 13:52:36,900 [14] DEBUG ConfigurationFactory\GetAdapterConfiguration:105 - Connector key: 'Connectors:TestObjectObserver:iID'
2025-07-03 13:52:36,901 [14] DEBUG ConfigurationFactory\GetAdapterConfiguration:115 - Get connection configuration for 'Webcam1'
2025-07-03 13:52:36,902 [14] DEBUG ConfigurationFactory\GetAdapterConfiguration:119 - Path to the adapter configuration is 'Adapters:Webcam:Connections:Webcam1'
2025-07-03 13:52:36,903 [14] DEBUG ConfigurationFactory\GetAdapterConfiguration:121 - Trying to get a configuration for connector key 'Connectors:TestObjectObserver:iID' using connections 'Webcam1' and adapter key 'Adapters:Webcam'.
2025-07-03 13:52:36,904 [14] DEBUG ConfigurationFactory\GetConfigurationUserSecrets:172 - Added user secret section: 'CloudIdpClientId'
2025-07-03 13:52:36,905 [14] DEBUG ConfigurationFactory\GetConfigurationUserSecrets:172 - Added user secret section: 'CloudIdpClientSecret'
2025-07-03 13:52:36,906 [14] DEBUG ConfigurationFactory\GetConfigurationUserSecrets:172 - Added user secret section: 'Pkcs12Password'
2025-07-03 13:52:39,888 [14] DEBUG ConnectorBaseClass\.ctor:10 - Create connector with adapter 'AdapterWebcam.AdapterWebcam'.
2025-07-03 13:52:39,889 [14] DEBUG ConnectorBaseClass\.ctor:15 - Used settings for Webcam interface:
DevelopMode: True
Camera name: HD Webcam

2025-07-03 13:52:39,890 [14] DEBUG ObserverFacade\.ctor:72 - The Webcam observer is created.
2025-07-03 13:52:39,891 [14] DEBUG ConfigurationFactory\GetAdapterConfiguration:101 - Adapter key: 'Adapters:Xil'
2025-07-03 13:52:39,892 [14] DEBUG ConfigurationFactory\GetAdapterConfiguration:105 - Connector key: 'Connectors:TestObjectObserver:RestBus'
2025-07-03 13:52:39,893 [14] DEBUG ConfigurationFactory\GetAdapterConfiguration:115 - Get connection configuration for 'dSPACE'
2025-07-03 13:52:39,893 [14] DEBUG ConfigurationFactory\GetAdapterConfiguration:119 - Path to the adapter configuration is 'Adapters:Xil:Connections:dSPACE'
2025-07-03 13:52:39,894 [14] DEBUG ConfigurationFactory\GetAdapterConfiguration:121 - Trying to get a configuration for connector key 'Connectors:TestObjectObserver:RestBus' using connections 'dSPACE' and adapter key 'Adapters:Xil'.
2025-07-03 13:52:39,895 [14] DEBUG ConfigurationFactory\GetConfigurationUserSecrets:172 - Added user secret section: 'CloudIdpClientId'
2025-07-03 13:52:39,896 [14] DEBUG ConfigurationFactory\GetConfigurationUserSecrets:172 - Added user secret section: 'CloudIdpClientSecret'
2025-07-03 13:52:39,897 [14] DEBUG ConfigurationFactory\GetConfigurationUserSecrets:172 - Added user secret section: 'Pkcs12Password'
2025-07-03 13:52:39,902 [14] INFO  AdapterXil\.ctor:46 - Instantiate XIL adapter 'dSPACE' (develop mode active: True)...
2025-07-03 13:52:39,903 [14] DEBUG AdapterXil\.ctor:50 - Model Access Port Configuration Path: ''
2025-07-03 13:52:39,904 [14] DEBUG AdapterXil\.ctor:51 - Vendor Name: 'dSPACE GmbH'
2025-07-03 13:52:39,905 [14] DEBUG AdapterXil\.ctor:52 - Product Name: 'XIL API'
2025-07-03 13:52:39,905 [14] DEBUG AdapterXil\.ctor:53 - Product Version: '2018-A'
2025-07-03 13:52:39,906 [14] DEBUG AdapterXil\.ctor:56 - API client is using http://localhost:64910/
2025-07-03 13:52:40,612 [14] INFO  AdapterXil\.ctor:67 - The XIL adapter is instantiated.
2025-07-03 13:52:40,613 [14] DEBUG AdapterXil\.ctor:68 - The signal mapping is not set yet.
2025-07-03 13:52:40,614 [14] DEBUG ConnectorBaseClass\.ctor:10 - Create connector with adapter 'AdapterXil.AdapterXil'.
2025-07-03 13:52:40,615 [14] DEBUG ConnectorBaseClass\.ctor:15 - Used settings for XIL interface:
DevelopMode: True
Vendor name: dSPACE GmbH
Product name: XIL API
Product version: 2018-A
API client base URL: http://localhost:64910/
Never-stop flag adapter: True
Never-stop flag server: True

2025-07-03 13:52:40,616 [14] DEBUG ObserverFacade\.ctor:80 - The rest bus observer is created.
2025-07-03 13:52:40,617 [14] DEBUG ConfigurationFactory\GetAdapterConfiguration:101 - Adapter key: 'Adapters:Swms'
2025-07-03 13:52:40,617 [14] DEBUG ConfigurationFactory\GetAdapterConfiguration:105 - Connector key: 'Connectors:TestObjectObserver:Swms'
2025-07-03 13:52:40,618 [14] DEBUG ConfigurationFactory\GetAdapterConfiguration:115 - Get connection configuration for 'Swms1'
2025-07-03 13:52:40,619 [14] DEBUG ConfigurationFactory\GetAdapterConfiguration:119 - Path to the adapter configuration is 'Adapters:Swms:Connections:Swms1'
2025-07-03 13:52:40,620 [14] DEBUG ConfigurationFactory\GetAdapterConfiguration:121 - Trying to get a configuration for connector key 'Connectors:TestObjectObserver:Swms' using connections 'Swms1' and adapter key 'Adapters:Swms'.
2025-07-03 13:52:40,620 [14] DEBUG ConfigurationFactory\GetConfigurationUserSecrets:172 - Added user secret section: 'CloudIdpClientId'
2025-07-03 13:52:40,621 [14] DEBUG ConfigurationFactory\GetConfigurationUserSecrets:172 - Added user secret section: 'CloudIdpClientSecret'
2025-07-03 13:52:40,622 [14] DEBUG ConfigurationFactory\GetConfigurationUserSecrets:172 - Added user secret section: 'Pkcs12Password'
2025-07-03 13:52:40,629 [14] DEBUG ConnectorBaseClass\.ctor:10 - Create connector with adapter 'AdapterSwms.AdapterSwms'.
2025-07-03 13:52:40,630 [14] DEBUG ConnectorBaseClass\.ctor:15 - Used settings for SWMS interface:
DevelopMode: True
Vendor name: 44112418704426729055536685669860618247
Product name: BVWTDMEDZPE208310
Use proxy: False
Cloud IDP URL: https://idp.cloud.vwgroup.com/auth/realms/kums-mfa/protocol/openid-connect/token
SWMS API URL: https://ota-api.oru-swms.int.eu.bp.aws.cloud.vwgroup.com/sma/api/v1.0
Proxy URL: http://10.252.76.110:8080
SWMS switch domain URL: https://ota-api.oru-swms.int.eu.bp.aws.cloud.vwgroup.com/sma/api/login/federated

2025-07-03 13:52:40,631 [14] DEBUG ObserverFacade\.ctor:88 - The SWMS observer is created.
2025-07-03 13:52:40,631 [14] DEBUG ConnectorFacade\.ctor:31 - The observer is created.
2025-07-03 13:52:40,680 [14] DEBUG GherkinExecutor\ExecuteStep:187 - Next test step 'StartCarBusTrace' (location '9:4', keyword 'When ', keyword type 'Action', argument '').
2025-07-03 13:52:40,683 [14] DEBUG GherkinExecutor\GetTestStep:240 - Gherkin keyword is 'When' (type 'Action')
2025-07-03 13:52:40,690 [14] DEBUG GherkinExecutor\ExecuteStep:217 - Got test step: 'StartCarBusTrace'.
2025-07-03 13:52:40,695 [14] DEBUG AdapterXil\ActivateSimulation:149 - Activate simulation.
2025-07-03 13:52:41,220 [14] ERROR AdapterXil.WebApiCalls|MethodException in WaitForTask:31 - Failed with the message 'width=device-width, initial-scale=1'.
2025-07-03 13:52:41,243 [14] DEBUG AdapterXil.WebApiCalls\CheckServerAlive:59 - Checking, if the XIL API server is alive...
2025-07-03 13:52:41,477 [14] ERROR AdapterXil.WebApiCalls|MethodException in WaitForTask:31 - Failed with the message 'width=device-width, initial-scale=1'.
2025-07-03 13:52:41,493 [14] DEBUG AdapterXil.WebApiCalls\CheckServerAlive:67 - Something wrong with the server.
2025-07-03 13:52:41,495 [14] DEBUG AdapterXil\Start:438 - This adapter is not running yet. It will be started now.
2025-07-03 13:52:41,502 [14] DEBUG AdapterXil.WebApi\StartXiLWebApi:44 - The XIL Web API is already running.
2025-07-03 13:52:41,504 [14] INFO  AdapterXil.WebApiCalls\CreateMockedConnection:96 - Connection 'Vector' (develop mode active) is being created...
2025-07-03 13:52:41,725 [14] ERROR AdapterXil.WebApiCalls|MethodException in WaitForTask:31 - Failed with the message 'width=device-width, initial-scale=1'.
2025-07-03 13:52:41,742 [14] WARN  KeywordTranslator\ExecuteTestStep:51 - The test action 'StartCarBusTrace' is failed.
2025-07-03 13:52:41,744 [14] DEBUG GherkinExecutor\ExecuteStep:221 - Result of test step 'TestRunError'.
2025-07-03 13:52:41,746 [14] DEBUG GherkinExecutor\ExecuteScenario:172 - Test step result after re-evaluation is 'TestRunError'.
2025-07-03 13:52:41,748 [14] DEBUG GherkinExecutor\ExecuteStep:187 - Next test step 'UnlockCentralLockingSystem' (location '9:5', keyword 'And ', keyword type 'Conjunction', argument '').
2025-07-03 13:52:41,750 [14] DEBUG GherkinExecutor\GetTestStep:240 - Gherkin keyword is 'And' (type 'Conjunction')
2025-07-03 13:52:41,754 [14] DEBUG GherkinExecutor\ExecuteStep:217 - Got test step: 'UnlockCentralLockingSystem'.
2025-07-03 13:52:41,757 [14] DEBUG ConnectorFacade.CentralLockingSystem\UnlockCentralLockingSystem:59 - Unlocking the central lock system...
2025-07-03 13:52:41,759 [14] DEBUG RestBusStimulator\ChangeSwitchState:15 - Changing switch state 'IORemoteControlOpen' to 'open'...
2025-07-03 13:52:41,761 [14] DEBUG RestBusStimulator\ChangeSwitchState:19 - Change non resettable switch state of 'IORemoteControlOpen' to 'press'/'release'.
2025-07-03 13:52:41,797 [14] DEBUG AdapterXil\SetSignalStringValue:412 - Setting value of signal 'IORemoteControlOpen' to 'press'...
2025-07-03 13:52:42,027 [14] ERROR AdapterXil.WebApiCalls|MethodException in WaitForTask:31 - Failed with the message 'width=device-width, initial-scale=1'.
2025-07-03 13:52:42,043 [14] DEBUG AdapterXil.WebApiCalls\CheckServerAlive:59 - Checking, if the XIL API server is alive...
2025-07-03 13:52:42,256 [14] ERROR AdapterXil.WebApiCalls|MethodException in WaitForTask:31 - Failed with the message 'width=device-width, initial-scale=1'.
2025-07-03 13:52:42,274 [14] DEBUG AdapterXil.WebApiCalls\CheckServerAlive:67 - Something wrong with the server.
2025-07-03 13:52:42,276 [14] DEBUG AdapterXil\Start:438 - This adapter is not running yet. It will be started now.
2025-07-03 13:52:42,282 [14] DEBUG AdapterXil.WebApi\StartXiLWebApi:44 - The XIL Web API is already running.
2025-07-03 13:52:42,284 [14] INFO  AdapterXil.WebApiCalls\CreateMockedConnection:96 - Connection 'dSPACE' (develop mode active) is being created...
2025-07-03 13:52:42,495 [14] ERROR AdapterXil.WebApiCalls|MethodException in WaitForTask:31 - Failed with the message 'width=device-width, initial-scale=1'.
2025-07-03 13:52:42,510 [14] WARN  KeywordTranslator\ExecuteTestStep:51 - The test action 'UnlockCentralLockingSystem' is failed.
2025-07-03 13:52:42,513 [14] DEBUG GherkinExecutor\ExecuteStep:221 - Result of test step 'TestRunError'.
2025-07-03 13:52:42,515 [14] DEBUG GherkinExecutor\ExecuteScenario:172 - Test step result after re-evaluation is 'TestRunError'.
2025-07-03 13:52:42,517 [14] DEBUG GherkinExecutor\ExecuteStep:187 - Next test step 'CarEntry' (location '9:6', keyword 'And ', keyword type 'Conjunction', argument '').
2025-07-03 13:52:42,518 [14] DEBUG GherkinExecutor\GetTestStep:240 - Gherkin keyword is 'And' (type 'Conjunction')
2025-07-03 13:52:42,520 [14] DEBUG GherkinExecutor\ExecuteStep:217 - Got test step: 'CarEntry'.
2025-07-03 13:52:42,523 [14] DEBUG RestBusStimulator\ChangeSwitchState:15 - Changing switch state 'IODriverDoorOpen' to 'open'...
2025-07-03 13:52:42,525 [14] DEBUG RestBusStimulator\ChangeSwitchState:19 - Change non resettable switch state of 'IODriverDoorOpen' to 'press'/'release'.
2025-07-03 13:52:42,526 [14] DEBUG AdapterXil\SetSignalStringValue:412 - Setting value of signal 'IODriverDoorOpen' to 'press'...
2025-07-03 13:52:42,741 [14] ERROR AdapterXil.WebApiCalls|MethodException in WaitForTask:31 - Failed with the message 'width=device-width, initial-scale=1'.
2025-07-03 13:52:42,758 [14] DEBUG AdapterXil.WebApiCalls\CheckServerAlive:59 - Checking, if the XIL API server is alive...
2025-07-03 13:52:42,980 [14] ERROR AdapterXil.WebApiCalls|MethodException in WaitForTask:31 - Failed with the message 'width=device-width, initial-scale=1'.
2025-07-03 13:52:42,998 [14] DEBUG AdapterXil.WebApiCalls\CheckServerAlive:67 - Something wrong with the server.
2025-07-03 13:52:43,001 [14] DEBUG AdapterXil\Start:438 - This adapter is not running yet. It will be started now.
2025-07-03 13:52:43,007 [14] DEBUG AdapterXil.WebApi\StartXiLWebApi:44 - The XIL Web API is already running.
2025-07-03 13:52:43,009 [14] INFO  AdapterXil.WebApiCalls\CreateMockedConnection:96 - Connection 'dSPACE' (develop mode active) is being created...
2025-07-03 13:52:43,228 [14] ERROR AdapterXil.WebApiCalls|MethodException in WaitForTask:31 - Failed with the message 'width=device-width, initial-scale=1'.
2025-07-03 13:52:43,263 [14] WARN  KeywordTranslator\ExecuteTestStep:51 - The test action 'CarEntry' is failed.
2025-07-03 13:52:43,266 [14] DEBUG GherkinExecutor\ExecuteStep:221 - Result of test step 'TestRunError'.
2025-07-03 13:52:43,267 [14] DEBUG GherkinExecutor\ExecuteScenario:172 - Test step result after re-evaluation is 'TestRunError'.
2025-07-03 13:52:43,269 [14] DEBUG GherkinExecutor\ExecuteStep:187 - Next test step 'TurnOnClamp15' (location '9:7', keyword 'And ', keyword type 'Conjunction', argument '').
2025-07-03 13:52:43,271 [14] DEBUG GherkinExecutor\GetTestStep:240 - Gherkin keyword is 'And' (type 'Conjunction')
2025-07-03 13:52:43,273 [14] DEBUG GherkinExecutor\ExecuteStep:217 - Got test step: 'TurnOnClamp15'.
2025-07-03 13:52:43,393 [14] DEBUG AdapterXil\IsValueOfSignalEquals:235 - Checking, if the value of the signal 'K_CAN.Klemmen_Status_01.ZAS_Kl_15' equals to 'ein'...
2025-07-03 13:52:43,395 [14] DEBUG AdapterXil\IsValueOfSignalEquals:241 - The adapter is in DevelopMode. This method returns true.
2025-07-03 13:52:43,400 [14] DEBUG ObserverCarBus\WaitForCanSignalValueEqualsExpected:112 - The signal 'K_CAN.Klemmen_Status_01.ZAS_Kl_15' got finally the value 'ein'.
2025-07-03 13:52:43,403 [14] INFO  ConnectorFacade.Macros\SafeSetSignalValue:40 - The signal 'K_CAN.Klemmen_Status_01.ZAS_Kl_15' is already 'ein'.
2025-07-03 13:52:43,405 [14] DEBUG GherkinExecutor\ExecuteStep:221 - Result of test step 'Pass'.
2025-07-03 13:52:43,406 [14] DEBUG GherkinExecutor\ExecuteScenario:172 - Test step result after re-evaluation is 'TestRunError'.
2025-07-03 13:52:43,415 [14] DEBUG GherkinExecutor\ExecuteStep:187 - Next test step 'enable block of response IVD-C for Clima ECU' (location '9:10', keyword 'When ', keyword type 'Action', argument '').
2025-07-03 13:52:43,417 [14] DEBUG GherkinExecutor\GetTestStep:240 - Gherkin keyword is 'When' (type 'Action')
2025-07-03 13:52:43,423 [14] DEBUG GherkinExecutor\ExecuteStep:217 - Got test step: 'enable block of response IVD-C for Clima ECU'.
2025-07-03 13:52:43,425 [14] INFO  ConnectorFacade.CanManipulation\EnableBlockOfResponseDidForEcu:42 - Enable blocking of response 'IVD-C' for ecu 'Clima'.
2025-07-03 13:52:43,428 [14] INFO  CanManipulator\EnableBlockOfResponseDidForEcu:54 - Enable block of response 'System.Byte[]' for ECU'Clima' ECU...
2025-07-03 13:52:43,434 [14] DEBUG AdapterXil\SetSignalNumericValue:390 - Setting value of signal 'GUI/canId_A' to '474088006'...
2025-07-03 13:52:43,651 [14] ERROR AdapterXil.WebApiCalls|MethodException in WaitForTask:31 - Failed with the message 'width=device-width, initial-scale=1'.
2025-07-03 13:52:43,667 [14] DEBUG AdapterXil.WebApiCalls\CheckServerAlive:59 - Checking, if the XIL API server is alive...
2025-07-03 13:52:43,943 [14] ERROR AdapterXil.WebApiCalls|MethodException in WaitForTask:31 - Failed with the message 'width=device-width, initial-scale=1'.
2025-07-03 13:52:43,958 [14] DEBUG AdapterXil.WebApiCalls\CheckServerAlive:67 - Something wrong with the server.
2025-07-03 13:52:43,960 [14] DEBUG AdapterXil\Start:438 - This adapter is not running yet. It will be started now.
2025-07-03 13:52:43,966 [14] DEBUG AdapterXil.WebApi\StartXiLWebApi:44 - The XIL Web API is already running.
2025-07-03 13:52:43,967 [14] INFO  AdapterXil.WebApiCalls\CreateMockedConnection:96 - Connection 'CanManipulation' (develop mode active) is being created...
2025-07-03 13:52:44,185 [14] ERROR AdapterXil.WebApiCalls|MethodException in WaitForTask:31 - Failed with the message 'width=device-width, initial-scale=1'.
2025-07-03 13:52:44,224 [14] WARN  KeywordTranslator\ExecuteTestStep:51 - The test action 'enable block of response IVD-C for Clima ECU' is failed.
2025-07-03 13:52:44,227 [14] DEBUG GherkinExecutor\ExecuteStep:221 - Result of test step 'TestRunError'.
2025-07-03 13:52:44,229 [14] DEBUG GherkinExecutor\ExecuteScenario:172 - Test step result after re-evaluation is 'TestRunError'.
2025-07-03 13:52:44,231 [14] DEBUG GherkinExecutor\ExecuteStep:187 - Next test step 'response to request IVD-C is not sent for Clima ECU' (location '9:11', keyword 'Then ', keyword type 'Outcome', argument '').
2025-07-03 13:52:44,233 [14] DEBUG GherkinExecutor\GetTestStep:240 - Gherkin keyword is 'Then' (type 'Outcome')
2025-07-03 13:52:44,236 [14] DEBUG GherkinExecutor\ExecuteStep:217 - Got test step: 'response to request IVD-C is not sent for Clima ECU'.
2025-07-03 13:52:44,238 [14] DEBUG ConnectorFacade.ExecuteChecks\ExecuteCheck:9 - Executing check 'SKyBT.Automation.TestContainer.TestScriptClasses.TestChecks.TestCheckDidResponseIsNotSent'.
2025-07-03 13:52:44,251 [14] WARN  KeywordTranslator\ExecuteTestStep:34 - The test check 'response to request IVD-C is not sent for Clima ECU' is failed.
2025-07-03 13:52:44,253 [14] DEBUG GherkinExecutor\ExecuteStep:221 - Result of test step 'TestRunError'.
2025-07-03 13:52:44,255 [14] DEBUG GherkinExecutor\ExecuteScenario:172 - Test step result after re-evaluation is 'TestRunError'.
2025-07-03 13:52:44,259 [14] DEBUG GherkinExecutor\ExecuteStep:187 - Next test step 'TurnOnClamp15' (location '9:14', keyword 'When ', keyword type 'Action', argument '').
2025-07-03 13:52:44,261 [14] DEBUG GherkinExecutor\GetTestStep:240 - Gherkin keyword is 'When' (type 'Action')
2025-07-03 13:52:44,263 [14] DEBUG GherkinExecutor\ExecuteStep:217 - Got test step: 'TurnOnClamp15'.
2025-07-03 13:52:44,265 [14] DEBUG AdapterXil\IsValueOfSignalEquals:235 - Checking, if the value of the signal 'K_CAN.Klemmen_Status_01.ZAS_Kl_15' equals to 'ein'...
2025-07-03 13:52:44,267 [14] DEBUG AdapterXil\IsValueOfSignalEquals:241 - The adapter is in DevelopMode. This method returns true.
2025-07-03 13:52:44,268 [14] DEBUG ObserverCarBus\WaitForCanSignalValueEqualsExpected:112 - The signal 'K_CAN.Klemmen_Status_01.ZAS_Kl_15' got finally the value 'ein'.
2025-07-03 13:52:44,270 [14] INFO  ConnectorFacade.Macros\SafeSetSignalValue:40 - The signal 'K_CAN.Klemmen_Status_01.ZAS_Kl_15' is already 'ein'.
2025-07-03 13:52:44,271 [14] DEBUG GherkinExecutor\ExecuteStep:221 - Result of test step 'Pass'.
2025-07-03 13:52:44,273 [14] DEBUG GherkinExecutor\ExecuteScenario:172 - Test step result after re-evaluation is 'Pass'.
2025-07-03 13:52:44,275 [14] DEBUG GherkinExecutor\ExecuteStep:187 - Next test step 'CarLeave' (location '9:15', keyword 'And ', keyword type 'Conjunction', argument '').
2025-07-03 13:52:44,277 [14] DEBUG GherkinExecutor\GetTestStep:240 - Gherkin keyword is 'And' (type 'Conjunction')
2025-07-03 13:52:44,278 [14] DEBUG GherkinExecutor\ExecuteStep:217 - Got test step: 'CarLeave'.
2025-07-03 13:52:44,284 [14] DEBUG AdapterXil\SetSignalStringValue:412 - Setting value of signal 'IODriverSeatBeltBuckle' to 'free'...
2025-07-03 13:52:44,539 [14] ERROR AdapterXil.WebApiCalls|MethodException in WaitForTask:31 - Failed with the message 'width=device-width, initial-scale=1'.
2025-07-03 13:52:44,575 [14] DEBUG AdapterXil.WebApiCalls\CheckServerAlive:59 - Checking, if the XIL API server is alive...
2025-07-03 13:52:44,806 [14] ERROR AdapterXil.WebApiCalls|MethodException in WaitForTask:31 - Failed with the message 'width=device-width, initial-scale=1'.
2025-07-03 13:52:44,826 [14] DEBUG AdapterXil.WebApiCalls\CheckServerAlive:67 - Something wrong with the server.
2025-07-03 13:52:44,828 [14] DEBUG AdapterXil\Start:438 - This adapter is not running yet. It will be started now.
2025-07-03 13:52:44,834 [14] DEBUG AdapterXil.WebApi\StartXiLWebApi:44 - The XIL Web API is already running.
2025-07-03 13:52:44,835 [14] INFO  AdapterXil.WebApiCalls\CreateMockedConnection:96 - Connection 'dSPACE' (develop mode active) is being created...
2025-07-03 13:52:45,048 [14] ERROR AdapterXil.WebApiCalls|MethodException in WaitForTask:31 - Failed with the message 'width=device-width, initial-scale=1'.
2025-07-03 13:52:45,064 [14] WARN  KeywordTranslator\ExecuteTestStep:51 - The test action 'CarLeave' is failed.
2025-07-03 13:52:45,066 [14] DEBUG GherkinExecutor\ExecuteStep:221 - Result of test step 'TestRunError'.
2025-07-03 13:52:45,068 [14] DEBUG GherkinExecutor\ExecuteScenario:172 - Test step result after re-evaluation is 'TestRunError'.
2025-07-03 13:52:45,070 [14] DEBUG GherkinExecutor\ExecuteStep:187 - Next test step 'LockCentralLockingSystem' (location '9:16', keyword 'And ', keyword type 'Conjunction', argument '').
2025-07-03 13:52:45,071 [14] DEBUG GherkinExecutor\GetTestStep:240 - Gherkin keyword is 'And' (type 'Conjunction')
2025-07-03 13:52:45,074 [14] DEBUG GherkinExecutor\ExecuteStep:217 - Got test step: 'LockCentralLockingSystem'.
2025-07-03 13:52:45,076 [14] DEBUG ConnectorFacade.CentralLockingSystem\LockCentralLockingSystem:7 - Locking the central lock system...
2025-07-03 13:52:45,078 [14] DEBUG RestBusStimulator\ChangeSwitchState:15 - Changing switch state 'IORemoteControlClose' to 'close'...
2025-07-03 13:52:45,080 [14] DEBUG RestBusStimulator\ChangeSwitchState:19 - Change non resettable switch state of 'IORemoteControlClose' to 'press'/'release'.
2025-07-03 13:52:45,081 [14] DEBUG AdapterXil\SetSignalStringValue:412 - Setting value of signal 'IORemoteControlClose' to 'press'...
2025-07-03 13:52:45,302 [14] ERROR AdapterXil.WebApiCalls|MethodException in WaitForTask:31 - Failed with the message 'width=device-width, initial-scale=1'.
2025-07-03 13:52:45,342 [14] DEBUG AdapterXil.WebApiCalls\CheckServerAlive:59 - Checking, if the XIL API server is alive...
2025-07-03 13:52:45,557 [14] ERROR AdapterXil.WebApiCalls|MethodException in WaitForTask:31 - Failed with the message 'width=device-width, initial-scale=1'.
2025-07-03 13:52:45,572 [14] DEBUG AdapterXil.WebApiCalls\CheckServerAlive:67 - Something wrong with the server.
2025-07-03 13:52:45,574 [14] DEBUG AdapterXil\Start:438 - This adapter is not running yet. It will be started now.
2025-07-03 13:52:45,580 [14] DEBUG AdapterXil.WebApi\StartXiLWebApi:44 - The XIL Web API is already running.
2025-07-03 13:52:45,582 [14] INFO  AdapterXil.WebApiCalls\CreateMockedConnection:96 - Connection 'dSPACE' (develop mode active) is being created...
2025-07-03 13:52:45,787 [14] ERROR AdapterXil.WebApiCalls|MethodException in WaitForTask:31 - Failed with the message 'width=device-width, initial-scale=1'.
2025-07-03 13:52:45,822 [14] WARN  KeywordTranslator\ExecuteTestStep:51 - The test action 'LockCentralLockingSystem' is failed.
2025-07-03 13:52:45,825 [14] DEBUG GherkinExecutor\ExecuteStep:221 - Result of test step 'TestRunError'.
2025-07-03 13:52:45,826 [14] DEBUG GherkinExecutor\ExecuteScenario:172 - Test step result after re-evaluation is 'TestRunError'.
2025-07-03 13:52:45,828 [14] DEBUG GherkinExecutor\ExecuteStep:187 - Next test step 'StopCarBusTrace' (location '9:17', keyword 'And ', keyword type 'Conjunction', argument '').
2025-07-03 13:52:45,829 [14] DEBUG GherkinExecutor\GetTestStep:240 - Gherkin keyword is 'And' (type 'Conjunction')
2025-07-03 13:52:45,831 [14] DEBUG GherkinExecutor\ExecuteStep:217 - Got test step: 'StopCarBusTrace'.
2025-07-03 13:52:45,833 [14] DEBUG AdapterXil\DeactivateSimulation:156 - De-activate simulation.
2025-07-03 13:52:46,044 [14] ERROR AdapterXil.WebApiCalls|MethodException in WaitForTask:31 - Failed with the message 'width=device-width, initial-scale=1'.
2025-07-03 13:52:46,058 [14] DEBUG AdapterXil.WebApiCalls\CheckServerAlive:59 - Checking, if the XIL API server is alive...
2025-07-03 13:52:46,287 [14] ERROR AdapterXil.WebApiCalls|MethodException in WaitForTask:31 - Failed with the message 'width=device-width, initial-scale=1'.
2025-07-03 13:52:46,303 [14] DEBUG AdapterXil.WebApiCalls\CheckServerAlive:67 - Something wrong with the server.
2025-07-03 13:52:46,305 [14] DEBUG AdapterXil\Start:438 - This adapter is not running yet. It will be started now.
2025-07-03 13:52:46,311 [14] DEBUG AdapterXil.WebApi\StartXiLWebApi:44 - The XIL Web API is already running.
2025-07-03 13:52:46,313 [14] INFO  AdapterXil.WebApiCalls\CreateMockedConnection:96 - Connection 'Vector' (develop mode active) is being created...
2025-07-03 13:52:46,541 [14] ERROR AdapterXil.WebApiCalls|MethodException in WaitForTask:31 - Failed with the message 'width=device-width, initial-scale=1'.
2025-07-03 13:52:46,560 [14] WARN  KeywordTranslator\ExecuteTestStep:51 - The test action 'StopCarBusTrace' is failed.
2025-07-03 13:52:46,562 [14] DEBUG GherkinExecutor\ExecuteStep:221 - Result of test step 'TestRunError'.
2025-07-03 13:52:46,564 [14] DEBUG GherkinExecutor\ExecuteScenario:172 - Test step result after re-evaluation is 'TestRunError'.
2025-07-03 13:52:46,567 [14] DEBUG TestSequence\Evaluate:52 - Test case result = 'TestRunError', sequence result before reevaluation = 'NotSet'
2025-07-03 13:52:46,568 [14] DEBUG TestSequence\Evaluate:86 - Test sequence result after reevaluation = 'TestRunError'
2025-07-03 13:52:46,568 [14] DEBUG TestSequence\Evaluate:52 - Test case result = 'TestRunError', sequence result before reevaluation = 'TestRunError'
2025-07-03 13:52:46,569 [14] DEBUG TestSequence\Evaluate:86 - Test sequence result after reevaluation = 'TestRunError'
2025-07-03 13:52:46,570 [14] DEBUG TestSequence\Evaluate:52 - Test case result = 'TestRunError', sequence result before reevaluation = 'TestRunError'
2025-07-03 13:52:46,571 [14] DEBUG TestSequence\Evaluate:86 - Test sequence result after reevaluation = 'TestRunError'
[End of WhenEnableBlockOfResponseDidForEcu_250703_135229 log file]
